<?xml version="1.0" encoding="UTF-8"?>
<!-- Generated by org.testng.reporters.JUnitReportReporter -->
<testsuite hostname="Shubham" failures="0" tests="3" name="test.AddFitnessDetailsTest" time="41.013" errors="0" timestamp="2023-01-18T12:10:18 IST" skipped="0">
  <testcase classname="test.AddFitnessDetailsTest" name="addFitnessDetailsOnChrome" time="10.788"/>
  <system-out/>
  <testcase classname="test.AddFitnessDetailsTest" name="addFitnessDetailsOnFirefox" time="12.040"/>
  <system-out/>
  <testcase classname="test.AddFitnessDetailsTest" name="addFitnessDetailsOnMicrosoftEdge" time="18.185"/>
  <system-out/>
</testsuite> <!-- test.AddFitnessDetailsTest -->
