<?xml version="1.0" encoding="UTF-8"?>
<!-- Generated by org.testng.reporters.JUnitReportReporter -->
<testsuite hostname="Shubham" failures="0" tests="3" name="test.AddNewIssueTest" time="39.645" errors="0" timestamp="2023-01-20T12:09:04 IST" skipped="0">
  <testcase classname="test.AddNewIssueTest" name="addNewIssueOnChrome" time="14.874"/>
  <system-out/>
  <testcase classname="test.AddNewIssueTest" name="addNewIssueOnFirefox" time="14.948"/>
  <system-out/>
  <testcase classname="test.AddNewIssueTest" name="addNewIssueOnEdge" time="9.823"/>
  <system-out/>
</testsuite> <!-- test.AddNewIssueTest -->
