<?xml version="1.0" encoding="UTF-8"?>
<!-- Generated by org.testng.reporters.JUnitReportReporter -->
<testsuite hostname="Shubham" failures="0" tests="3" name="test.AddOfficeExpensesTest" time="35.798" errors="0" timestamp="2023-01-23T12:08:11 IST" skipped="0">
  <testcase classname="test.AddOfficeExpensesTest" name="addOfficeExpensesOnChrome" time="11.082"/>
  <system-out/>
  <testcase classname="test.AddOfficeExpensesTest" name="addOfficeExpensesOnFirefox" time="12.242"/>
  <system-out/>
  <testcase classname="test.AddOfficeExpensesTest" name="addOfficeExpensesOnEdge" time="12.474"/>
  <system-out/>
</testsuite> <!-- test.AddOfficeExpensesTest -->
