<?xml version="1.0" encoding="UTF-8"?>
<!-- Generated by org.testng.reporters.JUnitReportReporter -->
<testsuite hostname="Shubham" failures="0" tests="3" name="test.TransportLogInPageTest" time="37.670" errors="0" timestamp="2023-01-19T17:55:06 IST" skipped="0">
  <testcase classname="test.TransportLogInPageTest" name="logInToTransportWithChrome" time="15.977"/>
  <system-out/>
  <testcase classname="test.TransportLogInPageTest" name="logInToTransportWithFirefox" time="10.951"/>
  <system-out/>
  <testcase classname="test.TransportLogInPageTest" name="logInTOTransportWithEdge" time="10.742"/>
  <system-out/>
</testsuite> <!-- test.TransportLogInPageTest -->
