<?xml version="1.0" encoding="UTF-8"?>
<!-- Generated by org.testng.reporters.JUnitReportReporter -->
<testsuite hostname="Shubham" failures="0" tests="3" name="test.AddEMIExpensesTest" time="33.947" errors="0" timestamp="2023-01-23T13:34:15 IST" skipped="0">
  <testcase classname="test.AddEMIExpensesTest" name="addEMIExpensesOnChrome" time="13.231"/>
  <system-out/>
  <testcase classname="test.AddEMIExpensesTest" name="addEMIExpensesOnFirefox" time="8.745"/>
  <system-out/>
  <testcase classname="test.AddEMIExpensesTest" name="addEMIExpensesOnEdge" time="11.971"/>
  <system-out/>
</testsuite> <!-- test.AddEMIExpensesTest -->
