<?xml version="1.0" encoding="UTF-8"?>
<!-- Generated by org.testng.reporters.JUnitReportReporter -->
<testsuite hostname="Shubham" failures="0" tests="3" name="test.AddNewServiceTest" time="31.212" errors="0" timestamp="2023-01-20T16:08:27 IST" skipped="0">
  <testcase classname="test.AddNewServiceTest" name="addNewServiceOnChrome" time="9.638"/>
  <system-out/>
  <testcase classname="test.AddNewServiceTest" name="addNewServiceOnFirefox" time="11.004"/>
  <system-out/>
  <testcase classname="test.AddNewServiceTest" name="addNewServiceOnEdge" time="10.570"/>
  <system-out/>
</testsuite> <!-- test.AddNewServiceTest -->
