<?xml version="1.0" encoding="UTF-8"?>
<!-- Generated by org.testng.reporters.JUnitReportReporter -->
<testsuite hostname="Shubham" failures="0" tests="3" name="test.AddStaffExpensesTest" time="30.343" errors="0" timestamp="2023-01-23T11:12:46 IST" skipped="0">
  <testcase classname="test.AddStaffExpensesTest" name="addStaffExpensesOnChrome" time="11.923"/>
  <system-out/>
  <testcase classname="test.AddStaffExpensesTest" name="addStaffExpensesOnFirefox" time="9.653"/>
  <system-out/>
  <testcase classname="test.AddStaffExpensesTest" name="addStaffExpensesOnEdge" time="8.767"/>
  <system-out/>
</testsuite> <!-- test.AddStaffExpensesTest -->
