<?xml version="1.0" encoding="UTF-8"?>
<!-- Generated by org.testng.reporters.JUnitReportReporter -->
<testsuite hostname="Shubham" failures="0" tests="3" name="test.AddNewBatteryTest" time="23.518" errors="0" timestamp="2023-01-19T10:38:59 IST" skipped="0">
  <testcase classname="test.AddNewBatteryTest" name="addBatteryRecordsOnChrome" time="7.880"/>
  <system-out/>
  <testcase classname="test.AddNewBatteryTest" name="addBatteryRecordsOnFirefox" time="7.678"/>
  <system-out/>
  <testcase classname="test.AddNewBatteryTest" name="addBatteryRecordsOnEdge" time="7.960"/>
  <system-out/>
</testsuite> <!-- test.AddNewBatteryTest -->
