<?xml version="1.0" encoding="UTF-8"?>
<!-- Generated by org.testng.reporters.JUnitReportReporter -->
<testsuite hostname="Shubham" failures="0" tests="3" name="test.AddNewVehicleTest" time="37.230" errors="0" timestamp="2023-01-19T10:37:51 IST" skipped="0">
  <testcase classname="test.AddNewVehicleTest" name="addVehicleDetailsOnChrome" time="12.182"/>
  <system-out/>
  <testcase classname="test.AddNewVehicleTest" name="addVehicleDetailsOnFireFox" time="12.527"/>
  <system-out/>
  <testcase classname="test.AddNewVehicleTest" name="addVehicleDetailsOnMicrosoftEdge" time="12.521"/>
  <system-out/>
</testsuite> <!-- test.AddNewVehicleTest -->
