<?xml version="1.0" encoding="UTF-8"?>
<!-- Generated by org.testng.reporters.JUnitReportReporter -->
<testsuite hostname="Shubham" failures="0" tests="3" name="test.AddNewStaffTest" time="34.562" errors="0" timestamp="2023-01-23T16:38:58 IST" skipped="0">
  <testcase classname="test.AddNewStaffTest" name="addNewStaffOnChrome" time="12.051"/>
  <system-out/>
  <testcase classname="test.AddNewStaffTest" name="addNewStaffOnFirefox" time="10.633"/>
  <system-out/>
  <testcase classname="test.AddNewStaffTest" name="addNewStaffOnEdge" time="11.878"/>
  <system-out/>
</testsuite> <!-- test.AddNewStaffTest -->
