<?xml version="1.0" encoding="UTF-8"?>
<!-- Generated by org.testng.reporters.JUnitReportReporter -->
<testsuite hostname="Shubham" failures="0" tests="3" name="test.AddNewVendorTest" time="31.399" errors="0" timestamp="2023-01-20T17:37:37 IST" skipped="0">
  <testcase classname="test.AddNewVendorTest" name="addNewVendorsOnChrome" time="10.607"/>
  <system-out/>
  <testcase classname="test.AddNewVendorTest" name="addNewVendorsOnFirefox" time="10.593"/>
  <system-out/>
  <testcase classname="test.AddNewVendorTest" name="addNewVendorsOnEdge" time="10.199"/>
  <system-out/>
</testsuite> <!-- test.AddNewVendorTest -->
