<?xml version="1.0" encoding="UTF-8"?>
<!-- Generated by org.testng.reporters.JUnitReportReporter -->
<testsuite hostname="Shubham" failures="0" tests="3" name="test.AddNewDriverTest" time="44.193" errors="0" timestamp="2023-01-19T17:56:48 IST" skipped="0">
  <testcase classname="test.AddNewDriverTest" name="addNewDriverDetailsOnChrome" time="13.055"/>
  <system-out/>
  <testcase classname="test.AddNewDriverTest" name="addNewDriverDetailsOnFirefox" time="16.244"/>
  <system-out/>
  <testcase classname="test.AddNewDriverTest" name="addNewDriverDetailsOnEdge" time="14.894"/>
  <system-out/>
</testsuite> <!-- test.AddNewDriverTest -->
