<?xml version="1.0" encoding="UTF-8"?>
<!-- Generated by org.testng.reporters.JUnitReportReporter -->
<testsuite hostname="Shubham" failures="0" tests="3" name="test.AddPurchaseItemsTest" time="30.470" errors="0" timestamp="2023-01-18T14:38:43 IST" skipped="0">
  <testcase classname="test.AddPurchaseItemsTest" name="addDetailsInPurchaseItemsOnChrome" time="10.610"/>
  <system-out/>
  <testcase classname="test.AddPurchaseItemsTest" name="addDetailsInPurchaseItemsOnEdge" time="8.802"/>
  <system-out/>
  <testcase classname="test.AddPurchaseItemsTest" name="addDetailsInPurchaseItemsOnFirefox" time="11.058"/>
  <system-out/>
</testsuite> <!-- test.AddPurchaseItemsTest -->
