<?xml version="1.0" encoding="UTF-8"?>
<!-- Generated by org.testng.reporters.JUnitReportReporter -->
<testsuite hostname="Shubham" failures="0" tests="3" name="test.AddVehicleExpensesTest" time="31.332" errors="0" timestamp="2023-02-01T13:53:28 IST" skipped="0">
  <testcase classname="test.AddVehicleExpensesTest" name="addVehicleExpensesOnChrome" time="11.536"/>
  <system-out/>
  <testcase classname="test.AddVehicleExpensesTest" name="addVehicleExpensesOnFirefox" time="11.540"/>
  <system-out/>
  <testcase classname="test.AddVehicleExpensesTest" name="addVehicleExpensesOnEdge" time="8.256"/>
  <system-out/>
</testsuite> <!-- test.AddVehicleExpensesTest -->
