<?xml version="1.0" encoding="UTF-8"?>
<!-- Generated by org.testng.reporters.JUnitReportReporter -->
<testsuite hostname="Shubham" failures="0" tests="3" name="test.AddDriverExpensesTest" time="26.625" errors="0" timestamp="2023-01-21T13:17:26 IST" skipped="0">
  <testcase classname="test.AddDriverExpensesTest" name="addDriverExpensesOnChrome" time="6.627"/>
  <system-out/>
  <testcase classname="test.AddDriverExpensesTest" name="addDriverExpensesOnFirefox" time="8.452"/>
  <system-out/>
  <testcase classname="test.AddDriverExpensesTest" name="addDriverExpensesOnEdge" time="11.546"/>
  <system-out/>
</testsuite> <!-- test.AddDriverExpensesTest -->
