<?xml version="1.0" encoding="UTF-8"?>
<!-- Generated by org.testng.reporters.JUnitReportReporter -->
<testsuite hostname="Shubham" failures="0" tests="3" name="test.AddFuelDetailsTest" time="31.799" errors="0" timestamp="2023-01-23T14:59:29 IST" skipped="0">
  <testcase classname="test.AddFuelDetailsTest" name="addFuelDetailsOnChrome" time="10.585"/>
  <system-out/>
  <testcase classname="test.AddFuelDetailsTest" name="addFuelDetailsOnFirefox" time="10.606"/>
  <system-out/>
  <testcase classname="test.AddFuelDetailsTest" name="addFuelDetailsOnEdge" time="10.608"/>
  <system-out/>
</testsuite> <!-- test.AddFuelDetailsTest -->
